<?xml version="1.0" encoding="UTF-8"?>
<!-- Generated by org.testng.reporters.JUnitReportReporter -->
<testsuite hostname="DESKTOP-TIC5DM4" failures="0" tests="1" name="TestNGPrograms.TestNGAannotations" time="0.002" errors="0" timestamp="2024-06-10T16:12:37 IST" skipped="0">
  <testcase classname="TestNGPrograms.TestNGAannotations" name="TC1" time="0.002"/>
  <system-out/>
</testsuite> <!-- TestNGPrograms.TestNGAannotations -->
