<?xml version="1.0" encoding="UTF-8"?>
<!-- Generated by org.testng.reporters.JUnitReportReporter -->
<testsuite hostname="DESKTOP-TIC5DM4" failures="0" tests="4" name="TestNGPrograms.DatProviderDemo2" time="0.034" errors="0" timestamp="2024-06-03T10:49:10 IST" skipped="0">
  <testcase classname="TestNGPrograms.DatProviderDemo2" name="testInvalidLogin" time="0.009"/>
  <system-out/>
  <testcase classname="TestNGPrograms.DatProviderDemo2" name="testInvalidLogin" time="0.018"/>
  <system-out/>
  <testcase classname="TestNGPrograms.DatProviderDemo2" name="testValidLogin" time="0.003"/>
  <system-out/>
  <testcase classname="TestNGPrograms.DatProviderDemo2" name="testValidLogin" time="0.004"/>
  <system-out/>
</testsuite> <!-- TestNGPrograms.DatProviderDemo2 -->
