<?xml version="1.0" encoding="UTF-8"?>
<!-- Generated by org.testng.reporters.JUnitReportReporter -->
<testsuite hostname="DESKTOP-TIC5DM4" failures="0" tests="1" name="TestNGPrograms.PropertiesDemo" time="0.065" errors="0" timestamp="2024-06-03T17:57:52 IST" skipped="0">
  <testcase classname="TestNGPrograms.PropertiesDemo" name="read" time="0.065"/>
  <system-out/>
</testsuite> <!-- TestNGPrograms.PropertiesDemo -->
