<?xml version="1.0" encoding="UTF-8"?>
<!-- Generated by org.testng.reporters.JUnitReportReporter -->
<testsuite hostname="DESKTOP-TIC5DM4" failures="0" tests="3" name="TestNGPrograms.ParameterDemo" time="0.017" errors="0" timestamp="2024-06-10T16:11:24 IST" skipped="2">
  <testcase classname="TestNGPrograms.ParameterDemo" name="subtract" time="0.017"/>
  <system-out/>
  <testcase classname="TestNGPrograms.ParameterDemo" name="sum">
    <skipped/>
  </testcase> <!-- sum -->
  <system-out/>
  <testcase classname="TestNGPrograms.ParameterDemo" name="addTC">
    <skipped/>
  </testcase> <!-- addTC -->
  <system-out/>
</testsuite> <!-- TestNGPrograms.ParameterDemo -->
