<?xml version="1.0" encoding="UTF-8"?>
<!-- Generated by org.testng.reporters.JUnitReportReporter -->
<testsuite hostname="DESKTOP-TIC5DM4" failures="0" tests="1" name="ReiffTestCases.RediffLoginTC1" time="16.249" errors="0" timestamp="2024-06-10T15:12:23 IST" skipped="0">
  <testcase classname="ReiffTestCases.RediffLoginTC1" name="rediffTC1" time="16.249"/>
  <system-out/>
</testsuite> <!-- ReiffTestCases.RediffLoginTC1 -->
