<?xml version="1.0" encoding="UTF-8"?>
<!-- Generated by org.testng.reporters.JUnitReportReporter -->
<testsuite hostname="DESKTOP-TIC5DM4" failures="0" tests="3" name="TestNGPrograms.AssertionDemo" time="0.014" errors="0" timestamp="2024-06-03T08:02:52 IST" skipped="1">
  <testcase classname="TestNGPrograms.AssertionDemo" name="eqlComp" time="0.002"/>
  <system-out/>
  <testcase classname="TestNGPrograms.AssertionDemo" name="add" time="0.012"/>
  <system-out/>
  <testcase classname="TestNGPrograms.AssertionDemo" name="mul">
    <skipped/>
  </testcase> <!-- mul -->
  <system-out/>
</testsuite> <!-- TestNGPrograms.AssertionDemo -->
