<?xml version="1.0" encoding="UTF-8"?>
<!-- Generated by org.testng.reporters.JUnitReportReporter -->
<testsuite hostname="DESKTOP-TIC5DM4" failures="0" tests="1" name="com.rps.LoginTest" time="7.184" errors="0" timestamp="2024-03-01T21:43:16 IST" skipped="0">
  <testcase classname="com.rps.LoginTest" name="loginTest" time="7.184"/>
</testsuite> <!-- com.rps.LoginTest -->
