<?xml version="1.0" encoding="UTF-8"?>
<!-- Generated by org.testng.reporters.JUnitReportReporter -->
<testsuite hostname="DESKTOP-TIC5DM4" failures="0" tests="2" name="RestAssuredExample.GetBookDetails" time="7.132" errors="0" timestamp="2024-06-06T11:06:41 IST" skipped="0">
  <testcase classname="RestAssuredExample.GetBookDetails" name="iteratingHeaders" time="0.651"/>
  <system-out/>
  <testcase classname="RestAssuredExample.GetBookDetails" name="GetBooksDetailsTest" time="6.481"/>
  <system-out/>
</testsuite> <!-- RestAssuredExample.GetBookDetails -->
