<?xml version="1.0" encoding="UTF-8"?>
<!-- Generated by org.testng.reporters.JUnitReportReporter -->
<testsuite hostname="DESKTOP-TIC5DM4" failures="0" tests="2" name="TestNGPrograms.TestNGDemo$SimpleTest" time="0.017" errors="0" timestamp="2024-05-31T13:04:47 IST" skipped="0">
  <testcase classname="TestNGPrograms.TestNGDemo$SimpleTest" name="compare" time="0.013"/>
  <system-out/>
  <testcase classname="TestNGPrograms.TestNGDemo$SimpleTest" name="testNumberIsPositive" time="0.004"/>
  <system-out/>
</testsuite> <!-- TestNGPrograms.TestNGDemo$SimpleTest -->
