<?xml version="1.0" encoding="UTF-8"?>
<!-- Generated by org.testng.reporters.JUnitReportReporter -->
<testsuite hostname="DESKTOP-TIC5DM4" failures="0" tests="2" name="TestNGPrograms.SimpleTest" time="0.063" errors="0" timestamp="2024-06-10T16:11:24 IST" skipped="0">
  <testcase classname="TestNGPrograms.SimpleTest" name="testNumberIsPositive" time="0.034"/>
  <system-out/>
  <testcase classname="TestNGPrograms.SimpleTest" name="compare" time="0.029"/>
  <system-out/>
</testsuite> <!-- TestNGPrograms.SimpleTest -->
